10/21/2017 08:28:43 PM - Util - INFO: Actual Text From Application Web UI --> :: Innotas | Customer Log In
10/21/2017 08:28:43 PM - Util - INFO: Expected Text From Application Web UI --> :: Innotas | Customer Log In
10/21/2017 08:28:43 PM - Util - INFO: ### VERIFICATION CONTAINS !!!
10/21/2017 08:28:43 PM - TCStatus - INFO: ### VERIFICATION SUCCESSFUL :: + Login Page Title Test
10/21/2017 08:28:43 PM - LoginPage - INFO: Element Found with locator: login and locator Type: id
10/21/2017 08:28:43 PM - LoginPage - INFO: Data: v5new6auto entered into the field
10/21/2017 08:28:43 PM - LoginPage - INFO: Element Found with locator: password and locator Type: name
10/21/2017 08:28:43 PM - LoginPage - INFO: Data: innotas21 entered into the field
10/21/2017 08:28:43 PM - LoginPage - INFO: Element Found with locator: .//*[@id='UserPassForm']/form/button and locator Type: xpath
10/21/2017 08:28:45 PM - LoginPage - INFO: Clicked on Element with locator: .//*[@id='UserPassForm']/form/button and locator Type: xpath
10/21/2017 08:28:45 PM - LoginPage - INFO: Element appeared on the web page
10/21/2017 08:28:45 PM - LoginPage - INFO: Element Found with locator: login-error-msg and locator Type: class
10/21/2017 08:28:45 PM - TCStatus - INFO: ### VERIFICATION SUCCESSFUL :: + Invalid Login Test
10/21/2017 08:28:45 PM - TCStatus - INFO: Invalid Login Test  ### TEST SUCCESSFUL
10/21/2017 08:28:45 PM - LoginPage - INFO: Element Found with locator: login and locator Type: id
10/21/2017 08:28:45 PM - LoginPage - INFO: Data: v5new6auto entered into the field
10/21/2017 08:28:45 PM - LoginPage - INFO: Element Found with locator: password and locator Type: name
10/21/2017 08:28:46 PM - LoginPage - INFO: Data: innotas entered into the field
10/21/2017 08:28:46 PM - LoginPage - INFO: Element Found with locator: .//*[@id='UserPassForm']/form/button and locator Type: xpath
10/21/2017 08:28:50 PM - LoginPage - INFO: Clicked on Element with locator: .//*[@id='UserPassForm']/form/button and locator Type: xpath
10/21/2017 08:29:04 PM - LoginPage - INFO: Element appeared on the web page
10/21/2017 08:29:04 PM - LoginPage - INFO: Element Found with locator: .//input[@name='searchText'] and locator Type: xpath
10/21/2017 08:29:04 PM - TCStatus - INFO: ### VERIFICATION SUCCESSFUL :: + Valid Login Test-Search Box
10/21/2017 08:29:04 PM - LoginPage - INFO: Element appeared on the web page
10/21/2017 08:29:04 PM - LoginPage - INFO: Element Found with locator: .//img[@src='/image/ttlogos/powered_by_logo.png' and @alt='Powered by Innotas'] and locator Type: xpath
10/21/2017 08:29:04 PM - TCStatus - INFO: ### VERIFICATION SUCCESSFUL :: + Valid Login Test-Footer Image
10/21/2017 08:29:04 PM - TCStatus - INFO: Login Test ### TEST SUCCESSFUL
10/21/2017 08:29:04 PM - <module> - INFO: Quiting browser in 3 Seconds
